0 info it worked if it ends with ok
1 verbose cli [ '/usr/local/Cellar/node/7.7.4/bin/node',
1 verbose cli   '/usr/local/bin/npm',
1 verbose cli   'search' ]
2 info using npm@4.1.2
3 info using node@v7.7.4
4 verbose stack Error: search must be called with arguments
4 verbose stack     at EventEmitter.search (/usr/local/lib/node_modules/npm/lib/search.js:28:15)
4 verbose stack     at Object.commandCache.(anonymous function) (/usr/local/lib/node_modules/npm/lib/npm.js:128:13)
4 verbose stack     at EventEmitter.<anonymous> (/usr/local/lib/node_modules/npm/bin/npm-cli.js:77:30)
4 verbose stack     at _combinedTickCallback (internal/process/next_tick.js:73:7)
4 verbose stack     at process._tickCallback (internal/process/next_tick.js:104:9)
5 verbose cwd /Users/noetellez/my-burger-sequel
6 error Darwin 16.6.0
7 error argv "/usr/local/Cellar/node/7.7.4/bin/node" "/usr/local/bin/npm" "search"
8 error node v7.7.4
9 error npm  v4.1.2
10 error search must be called with arguments
11 error If you need help, you may report this error at:
11 error     <https://github.com/npm/npm/issues>
12 verbose exit [ 1, true ]
